Thu May 04 13:57:03 IST 2023 INFO Logger-logAndReportPass-110 Welcome title is displayed succesfully.
Thu May 04 13:57:03 IST 2023 INFO Gestures-click-78 Method: click for locator = [[ChromeDriver: chrome on LINUX (333d02d7d82e26f2041b0b702eea55a9)] -> xpath: (//div[contains(text(),'School head OR Officials')])[1]] status = true
Thu May 04 13:57:04 IST 2023 INFO Logger-logAndReportInfo-95 Clicked on the continue button
Thu May 04 13:57:04 IST 2023 INFO Gestures-click-78 Method: click for locator = [[ChromeDriver: chrome on LINUX (333d02d7d82e26f2041b0b702eea55a9)] -> xpath: //*[@id="board"]] status = true
Thu May 04 13:57:04 IST 2023 INFO Logger-logAndReportInfo-95 Clicked on the board drop down
Thu May 04 13:57:04 IST 2023 INFO Gestures-click-78 Method: click for locator = [[ChromeDriver: chrome on LINUX (333d02d7d82e26f2041b0b702eea55a9)] -> xpath: //span[contains(text(),'CBSE')]] status = true
Thu May 04 13:57:04 IST 2023 INFO Logger-logAndReportInfo-95 Selected the option cbse or ncert.
Thu May 04 13:57:08 IST 2023 INFO Gestures-click-78 Method: click for locator = [[ChromeDriver: chrome on LINUX (333d02d7d82e26f2041b0b702eea55a9)] -> xpath: //button[contains(.,'Submit')]] status = true
Thu May 04 13:57:08 IST 2023 INFO Logger-logAndReportInfo-95 Clicked on the submit button on BMC selection window.
Thu May 04 13:57:08 IST 2023 INFO Gestures-click-78 Method: click for locator = [[ChromeDriver: chrome on LINUX (333d02d7d82e26f2041b0b702eea55a9)] -> xpath: //div[contains(@aria-label, 'Select State')]] status = true
Thu May 04 13:57:08 IST 2023 INFO Gestures-click-78 Method: click for locator = [[ChromeDriver: chrome on LINUX (333d02d7d82e26f2041b0b702eea55a9)] -> xpath: (//span[contains(text(),'Andhra Pradesh')])] status = true
Thu May 04 13:57:08 IST 2023 INFO Gestures-click-78 Method: click for locator = [[ChromeDriver: chrome on LINUX (333d02d7d82e26f2041b0b702eea55a9)] -> xpath: //div[contains(@aria-label, 'Select District')]] status = true
Thu May 04 13:57:09 IST 2023 INFO Gestures-click-78 Method: click for locator = [[ChromeDriver: chrome on LINUX (333d02d7d82e26f2041b0b702eea55a9)] -> xpath: //div[@tabindex='0']//span[text()='Anantapur']] status = true
Thu May 04 13:57:09 IST 2023 INFO Logger-logAndReportInfo-95 Clicked on the submit button on location selection window.
Thu May 04 13:57:09 IST 2023 INFO Logger-logAndReportPass-110 Home button is displayed succesfully
Thu May 04 13:57:55 IST 2023 INFO Gestures-click-78 Method: click for locator = Proxy element for: DefaultElementLocator 'By.xpath: //a[contains(.,'Login')]' status = true
Thu May 04 13:57:56 IST 2023 INFO Gestures-click-78 Method: click for locator = [[ChromeDriver: chrome on LINUX (333d02d7d82e26f2041b0b702eea55a9)] -> xpath: //button[@id='login']] status = true
Thu May 04 13:58:03 IST 2023 INFO Logger-logAndReportPass-110 Observation button is displayed succesfully
Thu May 04 13:58:03 IST 2023 INFO Gestures-click-78 Method: click for locator = [[ChromeDriver: chrome on LINUX (333d02d7d82e26f2041b0b702eea55a9)] -> xpath: //a[text()=' Observation ']] status = true
Thu May 04 13:58:04 IST 2023 INFO Logger-logAndReportInfo-95 Clicked on the observation button
Thu May 04 13:58:09 IST 2023 INFO Logger-logAndReportPass-110 Observation title is displayed succesfully.
Thu May 04 13:58:10 IST 2023 INFO Logger-logAndReportInfo-95  searched thing is : Obs with Rub – Only slider with score
Thu May 04 13:58:15 IST 2023 INFO Gestures-click-78 Method: click for locator = [[ChromeDriver: chrome on LINUX (333d02d7d82e26f2041b0b702eea55a9)] -> xpath: //button[text()='Search']] status = true
Thu May 04 13:58:17 IST 2023 INFO Logger-logAndReportInfo-95 clicked on the search button.
Thu May 04 13:58:17 IST 2023 INFO Gestures-click-78 Method: click for locator = [[ChromeDriver: chrome on LINUX (333d02d7d82e26f2041b0b702eea55a9)] -> xpath: //a[text()=' Observation ']] status = true
Thu May 04 13:58:18 IST 2023 INFO Logger-logAndReportInfo-95 Clicked on the observation button
Thu May 04 13:58:59 IST 2023 INFO Gestures-click-78 Method: click for locator = Proxy element for: DefaultElementLocator 'By.xpath: //h4[@title='Obs with Rub – Only slider with score']' status = true
Thu May 04 13:58:59 IST 2023 INFO Logger-logAndReportInfo-95 Clicked on the observation with rub only slider with score.
Thu May 04 13:58:59 IST 2023 INFO Gestures-click-78 Method: click for locator = [[ChromeDriver: chrome on LINUX (333d02d7d82e26f2041b0b702eea55a9)] -> xpath: //i[contains(@class,'trash')]] status = true
Thu May 04 13:58:59 IST 2023 INFO Logger-logAndReportInfo-95 Clicked on the entity delete option
Thu May 04 13:58:59 IST 2023 INFO Gestures-click-78 Method: click for locator = [[ChromeDriver: chrome on LINUX (333d02d7d82e26f2041b0b702eea55a9)] -> xpath: //button[text()=' Yes ']] status = true
Thu May 04 13:58:59 IST 2023 INFO Logger-logAndReportInfo-95 Clicked on the yes confirmation for entity deletion.
Thu May 04 13:58:59 IST 2023 INFO Gestures-click-78 Method: click for locator = [[ChromeDriver: chrome on LINUX (333d02d7d82e26f2041b0b702eea55a9)] -> xpath: //button[text()=' Add School ']] status = true
Thu May 04 13:58:59 IST 2023 INFO Logger-logAndReportInfo-95 Clicked on the Add School Button 
Thu May 04 13:59:01 IST 2023 INFO Gestures-click-78 Method: click for locator = [[ChromeDriver: chrome on LINUX (333d02d7d82e26f2041b0b702eea55a9)] -> xpath: /html[1]/body[1]/div[2]/div[2]/div[1]/mat-dialog-container[1]/div[1]/mat-dialog-content[2]/div[1]/div[1]/div[1]/div[1]/div[1]/label[1]] status = true
Thu May 04 13:59:01 IST 2023 INFO Logger-logAndReportInfo-95 Selected first entity for the school.
Thu May 04 13:59:01 IST 2023 INFO Gestures-click-78 Method: click for locator = [[ChromeDriver: chrome on LINUX (333d02d7d82e26f2041b0b702eea55a9)] -> xpath: //button[text()=' Submit ']] status = true
Thu May 04 13:59:01 IST 2023 INFO Logger-logAndReportInfo-95 Clicked on the submit button on add entity window.
Thu May 04 13:59:03 IST 2023 INFO Gestures-click-78 Method: click for locator = [[ChromeDriver: chrome on LINUX (333d02d7d82e26f2041b0b702eea55a9)] -> xpath: /html[1]/body[1]/app-root[1]/div[1]/div[1]/main[1]/app-observation-details[1]/div[2]/div[1]/div[1]/div[1]/div[1]/div[1]/div[2]/entity-list[1]/div[1]/div[1]/div[1]/label[1]] status = true
Thu May 04 13:59:03 IST 2023 INFO Logger-logAndReportInfo-95 Clicked on Added Entity.
Thu May 04 13:59:04 IST 2023 INFO Gestures-click-78 Method: click for locator = [[ChromeDriver: chrome on LINUX (333d02d7d82e26f2041b0b702eea55a9)] -> xpath: //button[text()=' Observe again ']] status = true
Thu May 04 13:59:04 IST 2023 INFO Logger-logAndReportInfo-95 Clicked on the observe again button.
Thu May 04 13:59:04 IST 2023 INFO Gestures-click-78 Method: click for locator = [[ChromeDriver: chrome on LINUX (333d02d7d82e26f2041b0b702eea55a9)] -> xpath: //button[text()=' Yes ']] status = true
Thu May 04 13:59:04 IST 2023 INFO Logger-logAndReportInfo-95 Clicked on the yes button for obsere again button.
Thu May 04 13:59:05 IST 2023 INFO Logger-logAndReportPass-110 Observation 1 title is displayed succesfully.
Thu May 04 13:59:07 IST 2023 INFO Gestures-click-78 Method: click for locator = [[ChromeDriver: chrome on LINUX (333d02d7d82e26f2041b0b702eea55a9)] -> xpath: //div//span[text()='Observation 1']] status = true
Thu May 04 13:59:07 IST 2023 INFO Logger-logAndReportInfo-95 Clicked on the observation 1 Title.
Thu May 04 13:59:08 IST 2023 INFO Logger-logAndReportPass-110 Start button for the observation is displayed succesfully.
Thu May 04 13:59:08 IST 2023 INFO Gestures-click-78 Method: click for locator = [[ChromeDriver: chrome on LINUX (333d02d7d82e26f2041b0b702eea55a9)] -> xpath: //i[contains(@class,'ellipsis vertical icon')]] status = true
Thu May 04 13:59:08 IST 2023 INFO Logger-logAndReportInfo-95 Clicked on the three dot on observation. 
Thu May 04 13:59:10 IST 2023 INFO Gestures-click-78 Method: click for locator = [[ChromeDriver: chrome on LINUX (333d02d7d82e26f2041b0b702eea55a9)] -> xpath: //div[normalize-space()='Delete']] status = true
Thu May 04 13:59:10 IST 2023 INFO Logger-logAndReportInfo-95 Clicked on the delete option from observation three dot ellipse.
Thu May 04 13:59:12 IST 2023 INFO Gestures-click-78 Method: click for locator = [[ChromeDriver: chrome on LINUX (333d02d7d82e26f2041b0b702eea55a9)] -> xpath: //button[normalize-space()='Yes']] status = true
Thu May 04 13:59:12 IST 2023 INFO Logger-logAndReportInfo-95 Clicked on the yes confirmation for deleting observation.
